2019-06-08 08:20:38.496  INFO 3484 --- [restartedMain] SpringBootAdminClientServiceAApplication : Starting SpringBootAdminClientServiceAApplication on DESKTOP-9FUS2A8 with PID 3484 (F:\Niraj\git-checkout-java\Spring-Boot-Admin-demo\Spring-Boot-Admin-Client-Service-A\target\classes started by intel in F:\Niraj\git-checkout-java\Spring-Boot-Admin-demo)
2019-06-08 08:20:38.502  INFO 3484 --- [restartedMain] SpringBootAdminClientServiceAApplication : No active profile set, falling back to default profiles: default
2019-06-08 08:20:38.626  INFO 3484 --- [restartedMain] .e.DevToolsPropertyDefaultsPostProcessor : Devtools property defaults active! Set 'spring.devtools.add-properties' to 'false' to disable
2019-06-08 08:20:38.628  INFO 3484 --- [restartedMain] .e.DevToolsPropertyDefaultsPostProcessor : For additional web related logging consider setting the 'logging.level.web' property to 'DEBUG'
2019-06-08 08:20:41.068  INFO 3484 --- [restartedMain] o.s.b.w.embedded.tomcat.TomcatWebServer  : Tomcat initialized with port(s): 8081 (http)
2019-06-08 08:20:41.098  INFO 3484 --- [restartedMain] o.apache.catalina.core.StandardService   : Starting service [Tomcat]
2019-06-08 08:20:41.099  INFO 3484 --- [restartedMain] org.apache.catalina.core.StandardEngine  : Starting Servlet engine: [Apache Tomcat/9.0.19]
2019-06-08 08:20:41.229  INFO 3484 --- [restartedMain] o.a.c.c.C.[Tomcat].[localhost].[/]       : Initializing Spring embedded WebApplicationContext
2019-06-08 08:20:41.229  INFO 3484 --- [restartedMain] o.s.web.context.ContextLoader            : Root WebApplicationContext: initialization completed in 2577 ms
2019-06-08 08:20:41.701  INFO 3484 --- [restartedMain] o.s.b.a.e.web.ServletEndpointRegistrar   : Registered '/actuator/jolokia' to jolokia-actuator-endpoint
2019-06-08 08:20:41.946  INFO 3484 --- [restartedMain] o.s.s.concurrent.ThreadPoolTaskExecutor  : Initializing ExecutorService 'applicationTaskExecutor'
2019-06-08 08:20:42.375  INFO 3484 --- [restartedMain] o.s.s.c.ThreadPoolTaskScheduler          : Initializing ExecutorService
2019-06-08 08:20:42.504  WARN 3484 --- [restartedMain] o.s.b.d.a.OptionalLiveReloadServer       : Unable to start LiveReload server
2019-06-08 08:20:42.513  INFO 3484 --- [restartedMain] o.s.b.a.e.web.EndpointLinksResolver      : Exposing 17 endpoint(s) beneath base path '/actuator'
2019-06-08 08:20:42.618  INFO 3484 --- [restartedMain] o.s.b.w.embedded.tomcat.TomcatWebServer  : Tomcat started on port(s): 8081 (http) with context path ''
2019-06-08 08:20:42.624  INFO 3484 --- [restartedMain] SpringBootAdminClientServiceAApplication : Started SpringBootAdminClientServiceAApplication in 5.036 seconds (JVM running for 6.152)
2019-06-08 08:20:47.312  INFO 3484 --- [registrationTask1] d.c.b.a.c.r.ApplicationRegistrator       : Application registered itself as 13d26c032f19
2019-06-08 08:20:47.343  INFO 3484 --- [http-nio-8081-exec-1] o.a.c.c.C.[Tomcat].[localhost].[/]       : Initializing Spring DispatcherServlet 'dispatcherServlet'
2019-06-08 08:20:47.343  INFO 3484 --- [http-nio-8081-exec-1] o.s.web.servlet.DispatcherServlet        : Initializing Servlet 'dispatcherServlet'
2019-06-08 08:20:47.352  INFO 3484 --- [http-nio-8081-exec-1] o.s.web.servlet.DispatcherServlet        : Completed initialization in 9 ms
2019-06-08 08:45:32.158  INFO 2408 --- [restartedMain] SpringBootAdminClientServiceAApplication : Starting SpringBootAdminClientServiceAApplication on DESKTOP-9FUS2A8 with PID 2408 (F:\Niraj\git-checkout-java\Spring-Boot-Admin-demo\Spring-Boot-Admin-Client-Service-A\target\classes started by intel in F:\Niraj\git-checkout-java\Spring-Boot-Admin-demo)
2019-06-08 08:45:32.163  INFO 2408 --- [restartedMain] SpringBootAdminClientServiceAApplication : No active profile set, falling back to default profiles: default
2019-06-08 08:45:32.234  INFO 2408 --- [restartedMain] .e.DevToolsPropertyDefaultsPostProcessor : Devtools property defaults active! Set 'spring.devtools.add-properties' to 'false' to disable
2019-06-08 08:45:32.234  INFO 2408 --- [restartedMain] .e.DevToolsPropertyDefaultsPostProcessor : For additional web related logging consider setting the 'logging.level.web' property to 'DEBUG'
2019-06-08 08:45:34.235  INFO 2408 --- [restartedMain] o.s.b.w.embedded.tomcat.TomcatWebServer  : Tomcat initialized with port(s): 8081 (http)
2019-06-08 08:45:34.277  INFO 2408 --- [restartedMain] o.apache.catalina.core.StandardService   : Starting service [Tomcat]
2019-06-08 08:45:34.277  INFO 2408 --- [restartedMain] org.apache.catalina.core.StandardEngine  : Starting Servlet engine: [Apache Tomcat/9.0.19]
2019-06-08 08:45:34.407  INFO 2408 --- [restartedMain] o.a.c.c.C.[Tomcat].[localhost].[/]       : Initializing Spring embedded WebApplicationContext
2019-06-08 08:45:34.408  INFO 2408 --- [restartedMain] o.s.web.context.ContextLoader            : Root WebApplicationContext: initialization completed in 2173 ms
2019-06-08 08:45:34.882  INFO 2408 --- [restartedMain] o.s.b.a.e.web.ServletEndpointRegistrar   : Registered '/actuator/jolokia' to jolokia-actuator-endpoint
2019-06-08 08:45:35.104  INFO 2408 --- [restartedMain] o.s.s.concurrent.ThreadPoolTaskExecutor  : Initializing ExecutorService 'applicationTaskExecutor'
2019-06-08 08:45:35.574  INFO 2408 --- [restartedMain] o.s.s.c.ThreadPoolTaskScheduler          : Initializing ExecutorService
2019-06-08 08:45:35.676  WARN 2408 --- [restartedMain] o.s.b.d.a.OptionalLiveReloadServer       : Unable to start LiveReload server
2019-06-08 08:45:35.693  INFO 2408 --- [restartedMain] o.s.b.a.e.web.EndpointLinksResolver      : Exposing 17 endpoint(s) beneath base path '/actuator'
2019-06-08 08:45:35.799  INFO 2408 --- [restartedMain] o.s.b.w.embedded.tomcat.TomcatWebServer  : Tomcat started on port(s): 8081 (http) with context path ''
2019-06-08 08:45:35.804  INFO 2408 --- [restartedMain] SpringBootAdminClientServiceAApplication : Started SpringBootAdminClientServiceAApplication in 4.211 seconds (JVM running for 7.353)
2019-06-08 08:45:40.515  INFO 2408 --- [registrationTask1] d.c.b.a.c.r.ApplicationRegistrator       : Application registered itself as 13d26c032f19
2019-06-08 08:45:40.575  INFO 2408 --- [http-nio-8081-exec-2] o.a.c.c.C.[Tomcat].[localhost].[/]       : Initializing Spring DispatcherServlet 'dispatcherServlet'
2019-06-08 08:45:40.575  INFO 2408 --- [http-nio-8081-exec-2] o.s.web.servlet.DispatcherServlet        : Initializing Servlet 'dispatcherServlet'
2019-06-08 08:45:40.589  INFO 2408 --- [http-nio-8081-exec-2] o.s.web.servlet.DispatcherServlet        : Completed initialization in 12 ms
2019-06-08 08:46:38.049  INFO 3508 --- [restartedMain] SpringBootAdminClientServiceAApplication : Starting SpringBootAdminClientServiceAApplication on DESKTOP-9FUS2A8 with PID 3508 (F:\Niraj\git-checkout-java\Spring-Boot-Admin-demo\Spring-Boot-Admin-Client-Service-A\target\classes started by intel in F:\Niraj\git-checkout-java\Spring-Boot-Admin-demo)
2019-06-08 08:46:38.062  INFO 3508 --- [restartedMain] SpringBootAdminClientServiceAApplication : No active profile set, falling back to default profiles: default
2019-06-08 08:46:38.172  INFO 3508 --- [restartedMain] .e.DevToolsPropertyDefaultsPostProcessor : Devtools property defaults active! Set 'spring.devtools.add-properties' to 'false' to disable
2019-06-08 08:46:38.173  INFO 3508 --- [restartedMain] .e.DevToolsPropertyDefaultsPostProcessor : For additional web related logging consider setting the 'logging.level.web' property to 'DEBUG'
2019-06-08 08:46:40.580  INFO 3508 --- [restartedMain] o.s.b.w.embedded.tomcat.TomcatWebServer  : Tomcat initialized with port(s): 8081 (http)
2019-06-08 08:46:40.617  INFO 3508 --- [restartedMain] o.apache.catalina.core.StandardService   : Starting service [Tomcat]
2019-06-08 08:46:40.618  INFO 3508 --- [restartedMain] org.apache.catalina.core.StandardEngine  : Starting Servlet engine: [Apache Tomcat/9.0.19]
2019-06-08 08:46:40.729  INFO 3508 --- [restartedMain] o.a.c.c.C.[Tomcat].[localhost].[/]       : Initializing Spring embedded WebApplicationContext
2019-06-08 08:46:40.730  INFO 3508 --- [restartedMain] o.s.web.context.ContextLoader            : Root WebApplicationContext: initialization completed in 2557 ms
2019-06-08 08:46:41.175  INFO 3508 --- [restartedMain] o.s.b.a.e.web.ServletEndpointRegistrar   : Registered '/actuator/jolokia' to jolokia-actuator-endpoint
2019-06-08 08:46:41.426  INFO 3508 --- [restartedMain] o.s.s.concurrent.ThreadPoolTaskExecutor  : Initializing ExecutorService 'applicationTaskExecutor'
2019-06-08 08:46:41.909  INFO 3508 --- [restartedMain] o.s.s.c.ThreadPoolTaskScheduler          : Initializing ExecutorService
2019-06-08 08:46:42.030  WARN 3508 --- [restartedMain] o.s.b.d.a.OptionalLiveReloadServer       : Unable to start LiveReload server
2019-06-08 08:46:42.039  INFO 3508 --- [restartedMain] o.s.b.a.e.web.EndpointLinksResolver      : Exposing 17 endpoint(s) beneath base path '/actuator'
2019-06-08 08:46:42.144 ERROR 3508 --- [restartedMain] org.apache.catalina.util.LifecycleBase   : Failed to start component [Connector[HTTP/1.1-8081]]

org.apache.catalina.LifecycleException: Protocol handler start failed
	at org.apache.catalina.connector.Connector.startInternal(Connector.java:1008) ~[tomcat-embed-core-9.0.19.jar:9.0.19]
	at org.apache.catalina.util.LifecycleBase.start(LifecycleBase.java:183) ~[tomcat-embed-core-9.0.19.jar:9.0.19]
	at org.apache.catalina.core.StandardService.addConnector(StandardService.java:226) [tomcat-embed-core-9.0.19.jar:9.0.19]
	at org.springframework.boot.web.embedded.tomcat.TomcatWebServer.addPreviouslyRemovedConnectors(TomcatWebServer.java:259) [spring-boot-2.1.5.RELEASE.jar:2.1.5.RELEASE]
	at org.springframework.boot.web.embedded.tomcat.TomcatWebServer.start(TomcatWebServer.java:197) [spring-boot-2.1.5.RELEASE.jar:2.1.5.RELEASE]
	at org.springframework.boot.web.servlet.context.ServletWebServerApplicationContext.startWebServer(ServletWebServerApplicationContext.java:311) [spring-boot-2.1.5.RELEASE.jar:2.1.5.RELEASE]
	at org.springframework.boot.web.servlet.context.ServletWebServerApplicationContext.finishRefresh(ServletWebServerApplicationContext.java:164) [spring-boot-2.1.5.RELEASE.jar:2.1.5.RELEASE]
	at org.springframework.context.support.AbstractApplicationContext.refresh(AbstractApplicationContext.java:552) [spring-context-5.1.7.RELEASE.jar:5.1.7.RELEASE]
	at org.springframework.boot.web.servlet.context.ServletWebServerApplicationContext.refresh(ServletWebServerApplicationContext.java:142) [spring-boot-2.1.5.RELEASE.jar:2.1.5.RELEASE]
	at org.springframework.boot.SpringApplication.refresh(SpringApplication.java:775) [spring-boot-2.1.5.RELEASE.jar:2.1.5.RELEASE]
	at org.springframework.boot.SpringApplication.refreshContext(SpringApplication.java:397) [spring-boot-2.1.5.RELEASE.jar:2.1.5.RELEASE]
	at org.springframework.boot.SpringApplication.run(SpringApplication.java:316) [spring-boot-2.1.5.RELEASE.jar:2.1.5.RELEASE]
	at org.springframework.boot.SpringApplication.run(SpringApplication.java:1260) [spring-boot-2.1.5.RELEASE.jar:2.1.5.RELEASE]
	at org.springframework.boot.SpringApplication.run(SpringApplication.java:1248) [spring-boot-2.1.5.RELEASE.jar:2.1.5.RELEASE]
	at com.ns.SpringBootAdminClientServiceA.SpringBootAdminClientServiceAApplication.main(SpringBootAdminClientServiceAApplication.java:10) [classes/:na]
	at sun.reflect.NativeMethodAccessorImpl.invoke0(Native Method) ~[na:1.8.0_191]
	at sun.reflect.NativeMethodAccessorImpl.invoke(NativeMethodAccessorImpl.java:62) ~[na:1.8.0_191]
	at sun.reflect.DelegatingMethodAccessorImpl.invoke(DelegatingMethodAccessorImpl.java:43) ~[na:1.8.0_191]
	at java.lang.reflect.Method.invoke(Method.java:498) ~[na:1.8.0_191]
	at org.springframework.boot.devtools.restart.RestartLauncher.run(RestartLauncher.java:49) [spring-boot-devtools-2.1.5.RELEASE.jar:2.1.5.RELEASE]
Caused by: java.net.BindException: Address already in use: bind
	at sun.nio.ch.Net.bind0(Native Method) ~[na:1.8.0_191]
	at sun.nio.ch.Net.bind(Net.java:433) ~[na:1.8.0_191]
	at sun.nio.ch.Net.bind(Net.java:425) ~[na:1.8.0_191]
	at sun.nio.ch.ServerSocketChannelImpl.bind(ServerSocketChannelImpl.java:223) ~[na:1.8.0_191]
	at sun.nio.ch.ServerSocketAdaptor.bind(ServerSocketAdaptor.java:74) ~[na:1.8.0_191]
	at org.apache.tomcat.util.net.NioEndpoint.initServerSocket(NioEndpoint.java:239) ~[tomcat-embed-core-9.0.19.jar:9.0.19]
	at org.apache.tomcat.util.net.NioEndpoint.bind(NioEndpoint.java:213) ~[tomcat-embed-core-9.0.19.jar:9.0.19]
	at org.apache.tomcat.util.net.AbstractEndpoint.bindWithCleanup(AbstractEndpoint.java:1116) ~[tomcat-embed-core-9.0.19.jar:9.0.19]
	at org.apache.tomcat.util.net.AbstractEndpoint.start(AbstractEndpoint.java:1202) ~[tomcat-embed-core-9.0.19.jar:9.0.19]
	at org.apache.coyote.AbstractProtocol.start(AbstractProtocol.java:568) ~[tomcat-embed-core-9.0.19.jar:9.0.19]
	at org.apache.catalina.connector.Connector.startInternal(Connector.java:1005) ~[tomcat-embed-core-9.0.19.jar:9.0.19]
	... 19 common frames omitted

2019-06-08 08:46:42.150  INFO 3508 --- [restartedMain] o.apache.catalina.core.StandardService   : Stopping service [Tomcat]
2019-06-08 08:46:42.166  INFO 3508 --- [restartedMain] ConditionEvaluationReportLoggingListener : 

Error starting ApplicationContext. To display the conditions report re-run your application with 'debug' enabled.
2019-06-08 08:46:42.173 ERROR 3508 --- [restartedMain] o.s.b.d.LoggingFailureAnalysisReporter   : 

***************************
APPLICATION FAILED TO START
***************************

Description:

The Tomcat connector configured to listen on port 8081 failed to start. The port may already be in use or the connector may be misconfigured.

Action:

Verify the connector's configuration, identify and stop any process that's listening on port 8081, or configure this application to listen on another port.

2019-06-08 08:46:42.178  INFO 3508 --- [restartedMain] o.s.s.c.ThreadPoolTaskScheduler          : Shutting down ExecutorService
2019-06-08 08:46:42.179  INFO 3508 --- [restartedMain] o.s.s.concurrent.ThreadPoolTaskExecutor  : Shutting down ExecutorService 'applicationTaskExecutor'
2019-06-08 08:47:12.466  INFO 3740 --- [restartedMain] SpringBootAdminClientServiceAApplication : Starting SpringBootAdminClientServiceAApplication on DESKTOP-9FUS2A8 with PID 3740 (F:\Niraj\git-checkout-java\Spring-Boot-Admin-demo\Spring-Boot-Admin-Client-Service-A\target\classes started by intel in F:\Niraj\git-checkout-java\Spring-Boot-Admin-demo)
2019-06-08 08:47:12.525  INFO 3740 --- [restartedMain] SpringBootAdminClientServiceAApplication : No active profile set, falling back to default profiles: default
2019-06-08 08:47:12.710  INFO 3740 --- [restartedMain] .e.DevToolsPropertyDefaultsPostProcessor : Devtools property defaults active! Set 'spring.devtools.add-properties' to 'false' to disable
2019-06-08 08:47:12.710  INFO 3740 --- [restartedMain] .e.DevToolsPropertyDefaultsPostProcessor : For additional web related logging consider setting the 'logging.level.web' property to 'DEBUG'
2019-06-08 08:47:15.046  INFO 3740 --- [restartedMain] o.s.b.w.embedded.tomcat.TomcatWebServer  : Tomcat initialized with port(s): 8082 (http)
2019-06-08 08:47:15.076  INFO 3740 --- [restartedMain] o.apache.catalina.core.StandardService   : Starting service [Tomcat]
2019-06-08 08:47:15.077  INFO 3740 --- [restartedMain] org.apache.catalina.core.StandardEngine  : Starting Servlet engine: [Apache Tomcat/9.0.19]
2019-06-08 08:47:15.189  INFO 3740 --- [restartedMain] o.a.c.c.C.[Tomcat].[localhost].[/]       : Initializing Spring embedded WebApplicationContext
2019-06-08 08:47:15.190  INFO 3740 --- [restartedMain] o.s.web.context.ContextLoader            : Root WebApplicationContext: initialization completed in 2480 ms
2019-06-08 08:47:15.704  INFO 3740 --- [restartedMain] o.s.b.a.e.web.ServletEndpointRegistrar   : Registered '/actuator/jolokia' to jolokia-actuator-endpoint
2019-06-08 08:47:15.951  INFO 3740 --- [restartedMain] o.s.s.concurrent.ThreadPoolTaskExecutor  : Initializing ExecutorService 'applicationTaskExecutor'
2019-06-08 08:47:16.426  INFO 3740 --- [restartedMain] o.s.s.c.ThreadPoolTaskScheduler          : Initializing ExecutorService
2019-06-08 08:47:16.599  WARN 3740 --- [restartedMain] o.s.b.d.a.OptionalLiveReloadServer       : Unable to start LiveReload server
2019-06-08 08:47:16.612  INFO 3740 --- [restartedMain] o.s.b.a.e.web.EndpointLinksResolver      : Exposing 17 endpoint(s) beneath base path '/actuator'
2019-06-08 08:47:16.756  INFO 3740 --- [restartedMain] o.s.b.w.embedded.tomcat.TomcatWebServer  : Tomcat started on port(s): 8082 (http) with context path ''
2019-06-08 08:47:16.763  INFO 3740 --- [restartedMain] SpringBootAdminClientServiceAApplication : Started SpringBootAdminClientServiceAApplication in 5.013 seconds (JVM running for 6.145)
2019-06-08 08:47:21.453  INFO 3740 --- [registrationTask1] d.c.b.a.c.r.ApplicationRegistrator       : Application registered itself as eccc7e98e29d
2019-06-08 08:47:21.493  INFO 3740 --- [http-nio-8082-exec-5] o.a.c.c.C.[Tomcat].[localhost].[/]       : Initializing Spring DispatcherServlet 'dispatcherServlet'
2019-06-08 08:47:21.493  INFO 3740 --- [http-nio-8082-exec-5] o.s.web.servlet.DispatcherServlet        : Initializing Servlet 'dispatcherServlet'
2019-06-08 08:47:21.505  INFO 3740 --- [http-nio-8082-exec-5] o.s.web.servlet.DispatcherServlet        : Completed initialization in 12 ms
2019-06-08 08:50:11.930  INFO 6212 --- [restartedMain] SpringBootAdminClientServiceAApplication : Starting SpringBootAdminClientServiceAApplication on DESKTOP-9FUS2A8 with PID 6212 (F:\Niraj\git-checkout-java\Spring-Boot-Admin-demo\Spring-Boot-Admin-Client-Service-A\target\classes started by intel in F:\Niraj\git-checkout-java\Spring-Boot-Admin-demo)
2019-06-08 08:50:11.937  INFO 6212 --- [restartedMain] SpringBootAdminClientServiceAApplication : No active profile set, falling back to default profiles: default
2019-06-08 08:50:12.057  INFO 6212 --- [restartedMain] .e.DevToolsPropertyDefaultsPostProcessor : Devtools property defaults active! Set 'spring.devtools.add-properties' to 'false' to disable
2019-06-08 08:50:12.057  INFO 6212 --- [restartedMain] .e.DevToolsPropertyDefaultsPostProcessor : For additional web related logging consider setting the 'logging.level.web' property to 'DEBUG'
2019-06-08 08:50:14.624  INFO 6212 --- [restartedMain] o.s.b.w.embedded.tomcat.TomcatWebServer  : Tomcat initialized with port(s): 8081 (http)
2019-06-08 08:50:14.664  INFO 6212 --- [restartedMain] o.apache.catalina.core.StandardService   : Starting service [Tomcat]
2019-06-08 08:50:14.664  INFO 6212 --- [restartedMain] org.apache.catalina.core.StandardEngine  : Starting Servlet engine: [Apache Tomcat/9.0.19]
2019-06-08 08:50:14.789  INFO 6212 --- [restartedMain] o.a.c.c.C.[Tomcat].[localhost].[/]       : Initializing Spring embedded WebApplicationContext
2019-06-08 08:50:14.789  INFO 6212 --- [restartedMain] o.s.web.context.ContextLoader            : Root WebApplicationContext: initialization completed in 2732 ms
2019-06-08 08:50:15.281  INFO 6212 --- [restartedMain] o.s.b.a.e.web.ServletEndpointRegistrar   : Registered '/actuator/jolokia' to jolokia-actuator-endpoint
2019-06-08 08:50:15.576  INFO 6212 --- [restartedMain] o.s.s.concurrent.ThreadPoolTaskExecutor  : Initializing ExecutorService 'applicationTaskExecutor'
2019-06-08 08:50:16.050  INFO 6212 --- [restartedMain] o.s.s.c.ThreadPoolTaskScheduler          : Initializing ExecutorService
2019-06-08 08:50:16.158  WARN 6212 --- [restartedMain] o.s.b.d.a.OptionalLiveReloadServer       : Unable to start LiveReload server
2019-06-08 08:50:16.167  INFO 6212 --- [restartedMain] o.s.b.a.e.web.EndpointLinksResolver      : Exposing 17 endpoint(s) beneath base path '/actuator'
2019-06-08 08:50:16.262 ERROR 6212 --- [restartedMain] org.apache.catalina.util.LifecycleBase   : Failed to start component [Connector[HTTP/1.1-8081]]

org.apache.catalina.LifecycleException: Protocol handler start failed
	at org.apache.catalina.connector.Connector.startInternal(Connector.java:1008) ~[tomcat-embed-core-9.0.19.jar:9.0.19]
	at org.apache.catalina.util.LifecycleBase.start(LifecycleBase.java:183) ~[tomcat-embed-core-9.0.19.jar:9.0.19]
	at org.apache.catalina.core.StandardService.addConnector(StandardService.java:226) [tomcat-embed-core-9.0.19.jar:9.0.19]
	at org.springframework.boot.web.embedded.tomcat.TomcatWebServer.addPreviouslyRemovedConnectors(TomcatWebServer.java:259) [spring-boot-2.1.5.RELEASE.jar:2.1.5.RELEASE]
	at org.springframework.boot.web.embedded.tomcat.TomcatWebServer.start(TomcatWebServer.java:197) [spring-boot-2.1.5.RELEASE.jar:2.1.5.RELEASE]
	at org.springframework.boot.web.servlet.context.ServletWebServerApplicationContext.startWebServer(ServletWebServerApplicationContext.java:311) [spring-boot-2.1.5.RELEASE.jar:2.1.5.RELEASE]
	at org.springframework.boot.web.servlet.context.ServletWebServerApplicationContext.finishRefresh(ServletWebServerApplicationContext.java:164) [spring-boot-2.1.5.RELEASE.jar:2.1.5.RELEASE]
	at org.springframework.context.support.AbstractApplicationContext.refresh(AbstractApplicationContext.java:552) [spring-context-5.1.7.RELEASE.jar:5.1.7.RELEASE]
	at org.springframework.boot.web.servlet.context.ServletWebServerApplicationContext.refresh(ServletWebServerApplicationContext.java:142) [spring-boot-2.1.5.RELEASE.jar:2.1.5.RELEASE]
	at org.springframework.boot.SpringApplication.refresh(SpringApplication.java:775) [spring-boot-2.1.5.RELEASE.jar:2.1.5.RELEASE]
	at org.springframework.boot.SpringApplication.refreshContext(SpringApplication.java:397) [spring-boot-2.1.5.RELEASE.jar:2.1.5.RELEASE]
	at org.springframework.boot.SpringApplication.run(SpringApplication.java:316) [spring-boot-2.1.5.RELEASE.jar:2.1.5.RELEASE]
	at org.springframework.boot.SpringApplication.run(SpringApplication.java:1260) [spring-boot-2.1.5.RELEASE.jar:2.1.5.RELEASE]
	at org.springframework.boot.SpringApplication.run(SpringApplication.java:1248) [spring-boot-2.1.5.RELEASE.jar:2.1.5.RELEASE]
	at com.ns.SpringBootAdminClientServiceA.SpringBootAdminClientServiceAApplication.main(SpringBootAdminClientServiceAApplication.java:10) [classes/:na]
	at sun.reflect.NativeMethodAccessorImpl.invoke0(Native Method) ~[na:1.8.0_191]
	at sun.reflect.NativeMethodAccessorImpl.invoke(NativeMethodAccessorImpl.java:62) ~[na:1.8.0_191]
	at sun.reflect.DelegatingMethodAccessorImpl.invoke(DelegatingMethodAccessorImpl.java:43) ~[na:1.8.0_191]
	at java.lang.reflect.Method.invoke(Method.java:498) ~[na:1.8.0_191]
	at org.springframework.boot.devtools.restart.RestartLauncher.run(RestartLauncher.java:49) [spring-boot-devtools-2.1.5.RELEASE.jar:2.1.5.RELEASE]
Caused by: java.net.BindException: Address already in use: bind
	at sun.nio.ch.Net.bind0(Native Method) ~[na:1.8.0_191]
	at sun.nio.ch.Net.bind(Net.java:433) ~[na:1.8.0_191]
	at sun.nio.ch.Net.bind(Net.java:425) ~[na:1.8.0_191]
	at sun.nio.ch.ServerSocketChannelImpl.bind(ServerSocketChannelImpl.java:223) ~[na:1.8.0_191]
	at sun.nio.ch.ServerSocketAdaptor.bind(ServerSocketAdaptor.java:74) ~[na:1.8.0_191]
	at org.apache.tomcat.util.net.NioEndpoint.initServerSocket(NioEndpoint.java:239) ~[tomcat-embed-core-9.0.19.jar:9.0.19]
	at org.apache.tomcat.util.net.NioEndpoint.bind(NioEndpoint.java:213) ~[tomcat-embed-core-9.0.19.jar:9.0.19]
	at org.apache.tomcat.util.net.AbstractEndpoint.bindWithCleanup(AbstractEndpoint.java:1116) ~[tomcat-embed-core-9.0.19.jar:9.0.19]
	at org.apache.tomcat.util.net.AbstractEndpoint.start(AbstractEndpoint.java:1202) ~[tomcat-embed-core-9.0.19.jar:9.0.19]
	at org.apache.coyote.AbstractProtocol.start(AbstractProtocol.java:568) ~[tomcat-embed-core-9.0.19.jar:9.0.19]
	at org.apache.catalina.connector.Connector.startInternal(Connector.java:1005) ~[tomcat-embed-core-9.0.19.jar:9.0.19]
	... 19 common frames omitted

2019-06-08 08:50:16.273  INFO 6212 --- [restartedMain] o.apache.catalina.core.StandardService   : Stopping service [Tomcat]
2019-06-08 08:50:16.290  INFO 6212 --- [restartedMain] ConditionEvaluationReportLoggingListener : 

Error starting ApplicationContext. To display the conditions report re-run your application with 'debug' enabled.
2019-06-08 08:50:16.297 ERROR 6212 --- [restartedMain] o.s.b.d.LoggingFailureAnalysisReporter   : 

***************************
APPLICATION FAILED TO START
***************************

Description:

The Tomcat connector configured to listen on port 8081 failed to start. The port may already be in use or the connector may be misconfigured.

Action:

Verify the connector's configuration, identify and stop any process that's listening on port 8081, or configure this application to listen on another port.

2019-06-08 08:50:16.304  INFO 6212 --- [restartedMain] o.s.s.c.ThreadPoolTaskScheduler          : Shutting down ExecutorService
2019-06-08 08:50:16.305  INFO 6212 --- [restartedMain] o.s.s.concurrent.ThreadPoolTaskExecutor  : Shutting down ExecutorService 'applicationTaskExecutor'
2019-06-08 08:50:50.316  INFO 4620 --- [restartedMain] SpringBootAdminClientServiceAApplication : Starting SpringBootAdminClientServiceAApplication on DESKTOP-9FUS2A8 with PID 4620 (F:\Niraj\git-checkout-java\Spring-Boot-Admin-demo\Spring-Boot-Admin-Client-Service-A\target\classes started by intel in F:\Niraj\git-checkout-java\Spring-Boot-Admin-demo)
2019-06-08 08:50:50.376  INFO 4620 --- [restartedMain] SpringBootAdminClientServiceAApplication : No active profile set, falling back to default profiles: default
2019-06-08 08:50:50.608  INFO 4620 --- [restartedMain] .e.DevToolsPropertyDefaultsPostProcessor : Devtools property defaults active! Set 'spring.devtools.add-properties' to 'false' to disable
2019-06-08 08:50:50.608  INFO 4620 --- [restartedMain] .e.DevToolsPropertyDefaultsPostProcessor : For additional web related logging consider setting the 'logging.level.web' property to 'DEBUG'
2019-06-08 08:50:53.111  INFO 4620 --- [restartedMain] o.s.b.w.embedded.tomcat.TomcatWebServer  : Tomcat initialized with port(s): 8083 (http)
2019-06-08 08:50:53.139  INFO 4620 --- [restartedMain] o.apache.catalina.core.StandardService   : Starting service [Tomcat]
2019-06-08 08:50:53.140  INFO 4620 --- [restartedMain] org.apache.catalina.core.StandardEngine  : Starting Servlet engine: [Apache Tomcat/9.0.19]
2019-06-08 08:50:53.249  INFO 4620 --- [restartedMain] o.a.c.c.C.[Tomcat].[localhost].[/]       : Initializing Spring embedded WebApplicationContext
2019-06-08 08:50:53.249  INFO 4620 --- [restartedMain] o.s.web.context.ContextLoader            : Root WebApplicationContext: initialization completed in 2641 ms
2019-06-08 08:50:53.757  INFO 4620 --- [restartedMain] o.s.b.a.e.web.ServletEndpointRegistrar   : Registered '/actuator/jolokia' to jolokia-actuator-endpoint
2019-06-08 08:50:54.016  INFO 4620 --- [restartedMain] o.s.s.concurrent.ThreadPoolTaskExecutor  : Initializing ExecutorService 'applicationTaskExecutor'
2019-06-08 08:50:54.444  INFO 4620 --- [restartedMain] o.s.s.c.ThreadPoolTaskScheduler          : Initializing ExecutorService
2019-06-08 08:50:54.575  WARN 4620 --- [restartedMain] o.s.b.d.a.OptionalLiveReloadServer       : Unable to start LiveReload server
2019-06-08 08:50:54.586  INFO 4620 --- [restartedMain] o.s.b.a.e.web.EndpointLinksResolver      : Exposing 17 endpoint(s) beneath base path '/actuator'
2019-06-08 08:50:54.714  INFO 4620 --- [restartedMain] o.s.b.w.embedded.tomcat.TomcatWebServer  : Tomcat started on port(s): 8083 (http) with context path ''
2019-06-08 08:50:54.719  INFO 4620 --- [restartedMain] SpringBootAdminClientServiceAApplication : Started SpringBootAdminClientServiceAApplication in 5.241 seconds (JVM running for 6.655)
2019-06-08 08:50:59.415  INFO 4620 --- [registrationTask1] d.c.b.a.c.r.ApplicationRegistrator       : Application registered itself as fbbf9d215d9f
2019-06-08 08:50:59.456  INFO 4620 --- [http-nio-8083-exec-2] o.a.c.c.C.[Tomcat].[localhost].[/]       : Initializing Spring DispatcherServlet 'dispatcherServlet'
2019-06-08 08:50:59.457  INFO 4620 --- [http-nio-8083-exec-2] o.s.web.servlet.DispatcherServlet        : Initializing Servlet 'dispatcherServlet'
2019-06-08 08:50:59.468  INFO 4620 --- [http-nio-8083-exec-2] o.s.web.servlet.DispatcherServlet        : Completed initialization in 11 ms
2019-06-08 09:23:55.204  INFO 3740 --- [Thread-3] o.s.s.c.ThreadPoolTaskScheduler          : Shutting down ExecutorService
2019-06-08 09:23:55.207  INFO 3740 --- [Thread-3] o.s.s.concurrent.ThreadPoolTaskExecutor  : Shutting down ExecutorService 'applicationTaskExecutor'
2019-06-08 09:23:55.650  INFO 3740 --- [restartedMain] SpringBootAdminClientServiceAApplication : Starting SpringBootAdminClientServiceAApplication on DESKTOP-9FUS2A8 with PID 3740 (F:\Niraj\git-checkout-java\Spring-Boot-Admin-demo\Spring-Boot-Admin-Client-Service-A\target\classes started by intel in F:\Niraj\git-checkout-java\Spring-Boot-Admin-demo)
2019-06-08 09:23:55.651  INFO 3740 --- [restartedMain] SpringBootAdminClientServiceAApplication : No active profile set, falling back to default profiles: default
2019-06-08 09:23:55.796  INFO 2408 --- [Thread-6] o.s.s.c.ThreadPoolTaskScheduler          : Shutting down ExecutorService
2019-06-08 09:23:55.800  INFO 2408 --- [Thread-6] o.s.s.concurrent.ThreadPoolTaskExecutor  : Shutting down ExecutorService 'applicationTaskExecutor'
2019-06-08 09:23:56.376  INFO 2408 --- [restartedMain] SpringBootAdminClientServiceAApplication : Starting SpringBootAdminClientServiceAApplication on DESKTOP-9FUS2A8 with PID 2408 (F:\Niraj\git-checkout-java\Spring-Boot-Admin-demo\Spring-Boot-Admin-Client-Service-A\target\classes started by intel in F:\Niraj\git-checkout-java\Spring-Boot-Admin-demo)
2019-06-08 09:23:56.378  INFO 2408 --- [restartedMain] SpringBootAdminClientServiceAApplication : No active profile set, falling back to default profiles: default
2019-06-08 09:23:57.262  INFO 3740 --- [restartedMain] o.s.b.w.embedded.tomcat.TomcatWebServer  : Tomcat initialized with port(s): 8082 (http)
2019-06-08 09:23:57.268  INFO 3740 --- [restartedMain] o.apache.catalina.core.StandardService   : Starting service [Tomcat]
2019-06-08 09:23:57.269  INFO 3740 --- [restartedMain] org.apache.catalina.core.StandardEngine  : Starting Servlet engine: [Apache Tomcat/9.0.19]
2019-06-08 09:23:57.324  INFO 3740 --- [restartedMain] o.a.c.c.C.[Tomcat].[localhost].[/]       : Initializing Spring embedded WebApplicationContext
2019-06-08 09:23:57.325  INFO 3740 --- [restartedMain] o.s.web.context.ContextLoader            : Root WebApplicationContext: initialization completed in 1670 ms
2019-06-08 09:23:57.745  INFO 3740 --- [restartedMain] o.s.b.a.e.web.ServletEndpointRegistrar   : Registered '/actuator/jolokia' to jolokia-actuator-endpoint
2019-06-08 09:23:57.909  INFO 3740 --- [restartedMain] o.s.s.concurrent.ThreadPoolTaskExecutor  : Initializing ExecutorService 'applicationTaskExecutor'
2019-06-08 09:23:57.959  INFO 2408 --- [restartedMain] o.s.b.w.embedded.tomcat.TomcatWebServer  : Tomcat initialized with port(s): 8081 (http)
2019-06-08 09:23:57.963  INFO 2408 --- [restartedMain] o.apache.catalina.core.StandardService   : Starting service [Tomcat]
2019-06-08 09:23:57.964  INFO 2408 --- [restartedMain] org.apache.catalina.core.StandardEngine  : Starting Servlet engine: [Apache Tomcat/9.0.19]
2019-06-08 09:23:57.988  INFO 2408 --- [restartedMain] o.a.c.c.C.[Tomcat].[localhost].[/]       : Initializing Spring embedded WebApplicationContext
2019-06-08 09:23:57.989  INFO 2408 --- [restartedMain] o.s.web.context.ContextLoader            : Root WebApplicationContext: initialization completed in 1606 ms
2019-06-08 09:23:58.122  INFO 3740 --- [restartedMain] o.s.s.c.ThreadPoolTaskScheduler          : Initializing ExecutorService
2019-06-08 09:23:58.177  WARN 3740 --- [restartedMain] o.s.b.d.a.OptionalLiveReloadServer       : Unable to start LiveReload server
2019-06-08 09:23:58.188  INFO 3740 --- [restartedMain] o.s.b.a.e.web.EndpointLinksResolver      : Exposing 17 endpoint(s) beneath base path '/actuator'
2019-06-08 09:23:58.248  INFO 2408 --- [restartedMain] o.s.b.a.e.web.ServletEndpointRegistrar   : Registered '/actuator/jolokia' to jolokia-actuator-endpoint
2019-06-08 09:23:58.271  INFO 3740 --- [restartedMain] o.s.b.w.embedded.tomcat.TomcatWebServer  : Tomcat started on port(s): 8082 (http) with context path ''
2019-06-08 09:23:58.274  INFO 3740 --- [restartedMain] SpringBootAdminClientServiceAApplication : Started SpringBootAdminClientServiceAApplication in 2.686 seconds (JVM running for 2207.656)
2019-06-08 09:23:58.283  INFO 3740 --- [restartedMain] .ConditionEvaluationDeltaLoggingListener : Condition evaluation unchanged
2019-06-08 09:23:58.370  INFO 2408 --- [restartedMain] o.s.s.concurrent.ThreadPoolTaskExecutor  : Initializing ExecutorService 'applicationTaskExecutor'
2019-06-08 09:23:58.547  INFO 2408 --- [restartedMain] o.s.s.c.ThreadPoolTaskScheduler          : Initializing ExecutorService
2019-06-08 09:23:58.590  WARN 2408 --- [restartedMain] o.s.b.d.a.OptionalLiveReloadServer       : Unable to start LiveReload server
2019-06-08 09:23:58.596  INFO 2408 --- [restartedMain] o.s.b.a.e.web.EndpointLinksResolver      : Exposing 17 endpoint(s) beneath base path '/actuator'
2019-06-08 09:23:58.663  INFO 2408 --- [restartedMain] o.s.b.w.embedded.tomcat.TomcatWebServer  : Tomcat started on port(s): 8081 (http) with context path ''
2019-06-08 09:23:58.665  INFO 2408 --- [restartedMain] SpringBootAdminClientServiceAApplication : Started SpringBootAdminClientServiceAApplication in 2.42 seconds (JVM running for 2310.214)
2019-06-08 09:23:58.671  INFO 2408 --- [restartedMain] .ConditionEvaluationDeltaLoggingListener : Condition evaluation unchanged
2019-06-08 09:24:01.792  INFO 2408 --- [http-nio-8081-exec-1] o.a.c.c.C.[Tomcat].[localhost].[/]       : Initializing Spring DispatcherServlet 'dispatcherServlet'
2019-06-08 09:24:01.794  INFO 2408 --- [http-nio-8081-exec-1] o.s.web.servlet.DispatcherServlet        : Initializing Servlet 'dispatcherServlet'
2019-06-08 09:24:01.803  INFO 3740 --- [http-nio-8082-exec-1] o.a.c.c.C.[Tomcat].[localhost].[/]       : Initializing Spring DispatcherServlet 'dispatcherServlet'
2019-06-08 09:24:01.806  INFO 3740 --- [http-nio-8082-exec-1] o.s.web.servlet.DispatcherServlet        : Initializing Servlet 'dispatcherServlet'
2019-06-08 09:24:01.809  INFO 2408 --- [http-nio-8081-exec-1] o.s.web.servlet.DispatcherServlet        : Completed initialization in 14 ms
2019-06-08 09:24:01.819  INFO 3740 --- [http-nio-8082-exec-1] o.s.web.servlet.DispatcherServlet        : Completed initialization in 13 ms
2019-06-08 09:24:07.325  INFO 3740 --- [registrationTask1] d.c.b.a.c.r.ApplicationRegistrator       : Application registered itself as eccc7e98e29d
2019-06-08 09:24:07.705  INFO 2408 --- [registrationTask1] d.c.b.a.c.r.ApplicationRegistrator       : Application registered itself as 13d26c032f19
2019-06-08 09:24:44.027  INFO 5408 --- [restartedMain] SpringBootAdminClientServiceAApplication : Starting SpringBootAdminClientServiceAApplication on DESKTOP-9FUS2A8 with PID 5408 (F:\Niraj\git-checkout-java\Spring-Boot-Admin-demo\Spring-Boot-Admin-Client-Service-A\target\classes started by intel in F:\Niraj\git-checkout-java\Spring-Boot-Admin-demo)
2019-06-08 09:24:44.033  INFO 5408 --- [restartedMain] SpringBootAdminClientServiceAApplication : No active profile set, falling back to default profiles: default
2019-06-08 09:24:44.206  INFO 5408 --- [restartedMain] .e.DevToolsPropertyDefaultsPostProcessor : Devtools property defaults active! Set 'spring.devtools.add-properties' to 'false' to disable
2019-06-08 09:24:44.206  INFO 5408 --- [restartedMain] .e.DevToolsPropertyDefaultsPostProcessor : For additional web related logging consider setting the 'logging.level.web' property to 'DEBUG'
2019-06-08 09:24:46.677  INFO 5408 --- [restartedMain] o.s.b.w.embedded.tomcat.TomcatWebServer  : Tomcat initialized with port(s): 8083 (http)
2019-06-08 09:24:46.708  INFO 5408 --- [restartedMain] o.apache.catalina.core.StandardService   : Starting service [Tomcat]
2019-06-08 09:24:46.708  INFO 5408 --- [restartedMain] org.apache.catalina.core.StandardEngine  : Starting Servlet engine: [Apache Tomcat/9.0.19]
2019-06-08 09:24:46.826  INFO 5408 --- [restartedMain] o.a.c.c.C.[Tomcat].[localhost].[/]       : Initializing Spring embedded WebApplicationContext
2019-06-08 09:24:46.827  INFO 5408 --- [restartedMain] o.s.web.context.ContextLoader            : Root WebApplicationContext: initialization completed in 2620 ms
2019-06-08 09:24:47.273  INFO 5408 --- [restartedMain] o.s.b.a.e.web.ServletEndpointRegistrar   : Registered '/actuator/jolokia' to jolokia-actuator-endpoint
2019-06-08 09:24:47.568  INFO 5408 --- [restartedMain] o.s.s.concurrent.ThreadPoolTaskExecutor  : Initializing ExecutorService 'applicationTaskExecutor'
2019-06-08 09:24:48.037  INFO 5408 --- [restartedMain] o.s.s.c.ThreadPoolTaskScheduler          : Initializing ExecutorService
2019-06-08 09:24:48.141  WARN 5408 --- [restartedMain] o.s.b.d.a.OptionalLiveReloadServer       : Unable to start LiveReload server
2019-06-08 09:24:48.150  INFO 5408 --- [restartedMain] o.s.b.a.e.web.EndpointLinksResolver      : Exposing 17 endpoint(s) beneath base path '/actuator'
2019-06-08 09:24:48.259  INFO 5408 --- [restartedMain] o.s.b.w.embedded.tomcat.TomcatWebServer  : Tomcat started on port(s): 8083 (http) with context path ''
2019-06-08 09:24:48.264  INFO 5408 --- [restartedMain] SpringBootAdminClientServiceAApplication : Started SpringBootAdminClientServiceAApplication in 4.931 seconds (JVM running for 6.207)
2019-06-08 09:24:52.949  INFO 5408 --- [registrationTask1] d.c.b.a.c.r.ApplicationRegistrator       : Application registered itself as fbbf9d215d9f
2019-06-08 09:24:52.985  INFO 5408 --- [http-nio-8083-exec-1] o.a.c.c.C.[Tomcat].[localhost].[/]       : Initializing Spring DispatcherServlet 'dispatcherServlet'
2019-06-08 09:24:52.986  INFO 5408 --- [http-nio-8083-exec-1] o.s.web.servlet.DispatcherServlet        : Initializing Servlet 'dispatcherServlet'
2019-06-08 09:24:52.995  INFO 5408 --- [http-nio-8083-exec-1] o.s.web.servlet.DispatcherServlet        : Completed initialization in 9 ms
2019-06-08 09:58:23.804  WARN 3740 --- [registrationTask1] d.c.b.a.c.r.ApplicationRegistrator       : Failed to register application as Application(name=Client Service A, managementUrl=http://DESKTOP-9FUS2A8:8082/actuator, healthUrl=http://DESKTOP-9FUS2A8:8082/actuator/health, serviceUrl=http://DESKTOP-9FUS2A8:8082/) at spring-boot-admin ([http://localhost:8080//instances]): I/O error on POST request for "http://localhost:8080/instances": Connection refused: connect; nested exception is java.net.ConnectException: Connection refused: connect. Further attempts are logged on DEBUG level
2019-06-08 09:58:23.812  WARN 5408 --- [registrationTask1] d.c.b.a.c.r.ApplicationRegistrator       : Failed to register application as Application(name=ServiceQA, managementUrl=http://DESKTOP-9FUS2A8:8083/actuator, healthUrl=http://DESKTOP-9FUS2A8:8083/actuator/health, serviceUrl=http://DESKTOP-9FUS2A8:8083/) at spring-boot-admin ([http://localhost:8080//instances]): I/O error on POST request for "http://localhost:8080/instances": Connection refused: connect; nested exception is java.net.ConnectException: Connection refused: connect. Further attempts are logged on DEBUG level
2019-06-08 09:58:24.196  WARN 2408 --- [registrationTask1] d.c.b.a.c.r.ApplicationRegistrator       : Failed to register application as Application(name=Client Service A, managementUrl=http://DESKTOP-9FUS2A8:8081/actuator, healthUrl=http://DESKTOP-9FUS2A8:8081/actuator/health, serviceUrl=http://DESKTOP-9FUS2A8:8081/) at spring-boot-admin ([http://localhost:8080//instances]): I/O error on POST request for "http://localhost:8080/instances": Connection refused: connect; nested exception is java.net.ConnectException: Connection refused: connect. Further attempts are logged on DEBUG level
2019-06-08 10:03:33.799  WARN 5408 --- [registrationTask1] d.c.b.a.c.r.ApplicationRegistrator       : Failed to register application as Application(name=ServiceQA, managementUrl=http://DESKTOP-9FUS2A8:8083/actuator, healthUrl=http://DESKTOP-9FUS2A8:8083/actuator/health, serviceUrl=http://DESKTOP-9FUS2A8:8083/) at spring-boot-admin ([http://localhost:8080//instances]): I/O error on POST request for "http://localhost:8080/instances": Connection refused: connect; nested exception is java.net.ConnectException: Connection refused: connect. Further attempts are logged on DEBUG level
2019-06-08 10:03:33.806  WARN 3740 --- [registrationTask1] d.c.b.a.c.r.ApplicationRegistrator       : Failed to register application as Application(name=Client Service A, managementUrl=http://DESKTOP-9FUS2A8:8082/actuator, healthUrl=http://DESKTOP-9FUS2A8:8082/actuator/health, serviceUrl=http://DESKTOP-9FUS2A8:8082/) at spring-boot-admin ([http://localhost:8080//instances]): I/O error on POST request for "http://localhost:8080/instances": Connection refused: connect; nested exception is java.net.ConnectException: Connection refused: connect. Further attempts are logged on DEBUG level
2019-06-08 10:08:23.797  WARN 3740 --- [registrationTask1] d.c.b.a.c.r.ApplicationRegistrator       : Failed to register application as Application(name=Client Service A, managementUrl=http://DESKTOP-9FUS2A8:8082/actuator, healthUrl=http://DESKTOP-9FUS2A8:8082/actuator/health, serviceUrl=http://DESKTOP-9FUS2A8:8082/) at spring-boot-admin ([http://localhost:8080//instances]): I/O error on POST request for "http://localhost:8080/instances": Connection refused: connect; nested exception is java.net.ConnectException: Connection refused: connect. Further attempts are logged on DEBUG level
2019-06-08 10:08:53.794  WARN 3740 --- [registrationTask1] d.c.b.a.c.r.ApplicationRegistrator       : Failed to register application as Application(name=Client Service A, managementUrl=http://DESKTOP-9FUS2A8:8082/actuator, healthUrl=http://DESKTOP-9FUS2A8:8082/actuator/health, serviceUrl=http://DESKTOP-9FUS2A8:8082/) at spring-boot-admin ([http://localhost:8080//instances]): I/O error on POST request for "http://localhost:8080/instances": Connection refused: connect; nested exception is java.net.ConnectException: Connection refused: connect. Further attempts are logged on DEBUG level
